android-app/app/build/intermediates/manifest_merge_blame_file/release/processReleaseMainManifest/manifest-merger-blame-release-report.txt
1<?xml version="1.0" encoding="utf-8"?>
2<manifest xmlns:android="http://schemas.android.com/apk/res/android"
3    package="com.maya.astrology"
4    android:versionCode="2"
5    android:versionName="1.1.0" >
6
7    <uses-sdk
8        android:minSdkVersion="24"
9        android:targetSdkVersion="35" />
10
11    <!-- Internet Permission -->
12    <uses-permission android:name="android.permission.INTERNET" />
12-->src/main/AndroidManifest.xml:6:5-67
12-->src/main/AndroidManifest.xml:6:22-64
13    <uses-permission android:name="android.permission.ACCESS_NETWORK_STATE" />
13-->src/main/AndroidManifest.xml:7:5-79
13-->src/main/AndroidManifest.xml:7:22-76
14    <uses-permission android:name="android.permission.POST_NOTIFICATIONS" />
14-->src/main/AndroidManifest.xml:8:5-77
14-->src/main/AndroidManifest.xml:8:22-74
15
16    <!-- Location Permissions -->
17    <uses-permission android:name="android.permission.ACCESS_FINE_LOCATION" />
17-->src/main/AndroidManifest.xml:11:5-79
17-->src/main/AndroidManifest.xml:11:22-76
18    <uses-permission android:name="android.permission.ACCESS_COARSE_LOCATION" />
18-->src/main/AndroidManifest.xml:12:5-81
18-->src/main/AndroidManifest.xml:12:22-78
19
20    <!-- Camera Permission -->
21    <uses-permission android:name="android.permission.CAMERA" />
21-->src/main/AndroidManifest.xml:15:5-65
21-->src/main/AndroidManifest.xml:15:22-62
22    <uses-permission
22-->src/main/AndroidManifest.xml:16:5-17:38
23        android:name="android.permission.WRITE_EXTERNAL_STORAGE"
23-->src/main/AndroidManifest.xml:16:22-78
24        android:maxSdkVersion="28" />
24-->src/main/AndroidManifest.xml:17:9-35
25    <uses-permission
25-->src/main/AndroidManifest.xml:18:5-19:38
26        android:name="android.permission.READ_EXTERNAL_STORAGE"
26-->src/main/AndroidManifest.xml:18:22-77
27        android:maxSdkVersion="32" />
27-->src/main/AndroidManifest.xml:19:9-35
28    <uses-permission android:name="android.permission.READ_MEDIA_IMAGES" />
28-->src/main/AndroidManifest.xml:20:5-76
28-->src/main/AndroidManifest.xml:20:22-73
29
30    <!-- Features (optional but declared) -->
31    <uses-feature
31-->src/main/AndroidManifest.xml:23:5-85
32        android:name="android.hardware.camera"
32-->src/main/AndroidManifest.xml:23:19-57
33        android:required="false" />
33-->src/main/AndroidManifest.xml:23:58-82
34    <uses-feature
34-->src/main/AndroidManifest.xml:24:5-95
35        android:name="android.hardware.camera.autofocus"
35-->src/main/AndroidManifest.xml:24:19-67
36        android:required="false" />
36-->src/main/AndroidManifest.xml:24:68-92
37    <uses-feature
37-->src/main/AndroidManifest.xml:25:5-87
38        android:name="android.hardware.location"
38-->src/main/AndroidManifest.xml:25:19-59
39        android:required="false" />
39-->src/main/AndroidManifest.xml:25:60-84
40    <uses-feature
40-->src/main/AndroidManifest.xml:26:5-91
41        android:name="android.hardware.location.gps"
41-->src/main/AndroidManifest.xml:26:19-63
42        android:required="false" />
42-->src/main/AndroidManifest.xml:26:64-88
43    <uses-feature
43-->src/main/AndroidManifest.xml:27:5-93
44        android:name="android.hardware.sensor.compass"
44-->src/main/AndroidManifest.xml:27:19-65
45        android:required="false" />
45-->src/main/AndroidManifest.xml:27:66-90
46
47    <uses-permission android:name="android.permission.WAKE_LOCK" /> <!-- Required by older versions of Google Play services to create IID tokens -->
47-->[com.google.firebase:firebase-messaging:24.1.1] AndroidManifest.xml:24:5-68
47-->[com.google.firebase:firebase-messaging:24.1.1] AndroidManifest.xml:24:22-65
48    <uses-permission android:name="com.google.android.c2dm.permission.RECEIVE" />
48-->[com.google.firebase:firebase-messaging:24.1.1] AndroidManifest.xml:26:5-82
48-->[com.google.firebase:firebase-messaging:24.1.1] AndroidManifest.xml:26:22-79
49
50    <permission
50-->[androidx.core:core:1.15.0] AndroidManifest.xml:22:5-24:47
51        android:name="com.maya.astrology.DYNAMIC_RECEIVER_NOT_EXPORTED_PERMISSION"
51-->[androidx.core:core:1.15.0] AndroidManifest.xml:23:9-81
52        android:protectionLevel="signature" />
52-->[androidx.core:core:1.15.0] AndroidManifest.xml:24:9-44
53
54    <uses-permission android:name="com.maya.astrology.DYNAMIC_RECEIVER_NOT_EXPORTED_PERMISSION" />
54-->[androidx.core:core:1.15.0] AndroidManifest.xml:26:5-97
54-->[androidx.core:core:1.15.0] AndroidManifest.xml:26:22-94
55
56    <application
56-->src/main/AndroidManifest.xml:29:5-84:19
57        android:allowBackup="true"
57-->src/main/AndroidManifest.xml:30:9-35
58        android:appComponentFactory="androidx.core.app.CoreComponentFactory"
58-->[androidx.core:core:1.15.0] AndroidManifest.xml:28:18-86
59        android:dataExtractionRules="@xml/data_extraction_rules"
59-->src/main/AndroidManifest.xml:31:9-65
60        android:extractNativeLibs="false"
61        android:fullBackupContent="@xml/backup_rules"
61-->src/main/AndroidManifest.xml:32:9-54
62        android:icon="@mipmap/ic_launcher"
62-->src/main/AndroidManifest.xml:33:9-43
63        android:label="@string/app_name"
63-->src/main/AndroidManifest.xml:34:9-41
64        android:networkSecurityConfig="@xml/network_security_config"
64-->src/main/AndroidManifest.xml:39:9-69
65        android:roundIcon="@mipmap/ic_launcher_round"
65-->src/main/AndroidManifest.xml:35:9-54
66        android:supportsRtl="true"
66-->src/main/AndroidManifest.xml:36:9-35
67        android:theme="@style/Theme.MAYAAstrology"
67-->src/main/AndroidManifest.xml:37:9-51
68        android:usesCleartextTraffic="true" >
68-->src/main/AndroidManifest.xml:38:9-44
69        <meta-data
69-->src/main/AndroidManifest.xml:42:9-44:55
70            android:name="com.google.firebase.messaging.default_notification_channel_id"
70-->src/main/AndroidManifest.xml:43:13-89
71            android:value="maya_push_notifications" />
71-->src/main/AndroidManifest.xml:44:13-52
72        <meta-data
72-->src/main/AndroidManifest.xml:45:9-47:60
73            android:name="com.google.firebase.messaging.default_notification_icon"
73-->src/main/AndroidManifest.xml:46:13-83
74            android:resource="@drawable/ic_notification" />
74-->src/main/AndroidManifest.xml:47:13-57
75        <meta-data
75-->src/main/AndroidManifest.xml:48:9-50:54
76            android:name="com.google.firebase.messaging.default_notification_color"
76-->src/main/AndroidManifest.xml:49:13-84
77            android:resource="@color/maya_primary" />
77-->src/main/AndroidManifest.xml:50:13-51
78
79        <activity
79-->src/main/AndroidManifest.xml:52:9-63:20
80            android:name="com.maya.astrology.MainActivity"
80-->src/main/AndroidManifest.xml:53:13-41
81            android:configChanges="orientation|screenSize|keyboardHidden"
81-->src/main/AndroidManifest.xml:55:13-74
82            android:exported="true"
82-->src/main/AndroidManifest.xml:54:13-36
83            android:hardwareAccelerated="true"
83-->src/main/AndroidManifest.xml:58:13-47
84            android:launchMode="singleTop"
84-->src/main/AndroidManifest.xml:57:13-43
85            android:screenOrientation="portrait" >
85-->src/main/AndroidManifest.xml:56:13-49
86            <intent-filter>
86-->src/main/AndroidManifest.xml:59:13-62:29
87                <action android:name="android.intent.action.MAIN" />
87-->src/main/AndroidManifest.xml:60:17-69
87-->src/main/AndroidManifest.xml:60:25-66
88
89                <category android:name="android.intent.category.LAUNCHER" />
89-->src/main/AndroidManifest.xml:61:17-77
89-->src/main/AndroidManifest.xml:61:27-74
90            </intent-filter>
91        </activity>
92
93        <!-- File Provider for Camera -->
94        <provider
95            android:name="androidx.core.content.FileProvider"
95-->src/main/AndroidManifest.xml:67:13-62
96            android:authorities="com.maya.astrology.fileprovider"
96-->src/main/AndroidManifest.xml:68:13-64
97            android:exported="false"
97-->src/main/AndroidManifest.xml:69:13-37
98            android:grantUriPermissions="true" >
98-->src/main/AndroidManifest.xml:70:13-47
99            <meta-data
99-->src/main/AndroidManifest.xml:71:13-73:54
100                android:name="android.support.FILE_PROVIDER_PATHS"
100-->src/main/AndroidManifest.xml:72:17-67
101                android:resource="@xml/file_paths" />
101-->src/main/AndroidManifest.xml:73:17-51
102        </provider>
103
104        <service
104-->src/main/AndroidManifest.xml:76:9-82:19
105            android:name="com.maya.astrology.MayaFirebaseMessagingService"
105-->src/main/AndroidManifest.xml:77:13-57
106            android:exported="false" >
106-->src/main/AndroidManifest.xml:78:13-37
107            <intent-filter>
107-->src/main/AndroidManifest.xml:79:13-81:29
108                <action android:name="com.google.firebase.MESSAGING_EVENT" />
108-->src/main/AndroidManifest.xml:80:17-78
108-->src/main/AndroidManifest.xml:80:25-75
109            </intent-filter>
110        </service>
111        <service
111-->[com.google.firebase:firebase-messaging-ktx:24.1.1] AndroidManifest.xml:23:9-29:19
112            android:name="com.google.firebase.components.ComponentDiscoveryService"
112-->[com.google.firebase:firebase-messaging-ktx:24.1.1] AndroidManifest.xml:24:13-84
113            android:directBootAware="true"
113-->[com.google.firebase:firebase-common:21.0.0] AndroidManifest.xml:32:13-43
114            android:exported="false" >
114-->[com.google.firebase:firebase-messaging-ktx:24.1.1] AndroidManifest.xml:25:13-37
115            <meta-data
115-->[com.google.firebase:firebase-messaging-ktx:24.1.1] AndroidManifest.xml:26:13-28:85
116                android:name="com.google.firebase.components:com.google.firebase.messaging.ktx.FirebaseMessagingLegacyRegistrar"
116-->[com.google.firebase:firebase-messaging-ktx:24.1.1] AndroidManifest.xml:27:17-129
117                android:value="com.google.firebase.components.ComponentRegistrar" />
117-->[com.google.firebase:firebase-messaging-ktx:24.1.1] AndroidManifest.xml:28:17-82
118            <meta-data
118-->[com.google.firebase:firebase-messaging:24.1.1] AndroidManifest.xml:57:13-59:85
119                android:name="com.google.firebase.components:com.google.firebase.messaging.FirebaseMessagingKtxRegistrar"
119-->[com.google.firebase:firebase-messaging:24.1.1] AndroidManifest.xml:58:17-122
120                android:value="com.google.firebase.components.ComponentRegistrar" />
120-->[com.google.firebase:firebase-messaging:24.1.1] AndroidManifest.xml:59:17-82
121            <meta-data
121-->[com.google.firebase:firebase-messaging:24.1.1] AndroidManifest.xml:60:13-62:85
122                android:name="com.google.firebase.components:com.google.firebase.messaging.FirebaseMessagingRegistrar"
122-->[com.google.firebase:firebase-messaging:24.1.1] AndroidManifest.xml:61:17-119
123                android:value="com.google.firebase.components.ComponentRegistrar" />
123-->[com.google.firebase:firebase-messaging:24.1.1] AndroidManifest.xml:62:17-82
124            <meta-data
124-->[com.google.firebase:firebase-installations:18.0.0] AndroidManifest.xml:15:13-17:85
125                android:name="com.google.firebase.components:com.google.firebase.installations.FirebaseInstallationsKtxRegistrar"
125-->[com.google.firebase:firebase-installations:18.0.0] AndroidManifest.xml:16:17-130
126                android:value="com.google.firebase.components.ComponentRegistrar" />
126-->[com.google.firebase:firebase-installations:18.0.0] AndroidManifest.xml:17:17-82
127            <meta-data
127-->[com.google.firebase:firebase-installations:18.0.0] AndroidManifest.xml:18:13-20:85
128                android:name="com.google.firebase.components:com.google.firebase.installations.FirebaseInstallationsRegistrar"
128-->[com.google.firebase:firebase-installations:18.0.0] AndroidManifest.xml:19:17-127
129                android:value="com.google.firebase.components.ComponentRegistrar" />
129-->[com.google.firebase:firebase-installations:18.0.0] AndroidManifest.xml:20:17-82
130            <meta-data
130-->[com.google.firebase:firebase-common-ktx:21.0.0] AndroidManifest.xml:12:13-14:85
131                android:name="com.google.firebase.components:com.google.firebase.ktx.FirebaseCommonLegacyRegistrar"
131-->[com.google.firebase:firebase-common-ktx:21.0.0] AndroidManifest.xml:13:17-116
132                android:value="com.google.firebase.components.ComponentRegistrar" />
132-->[com.google.firebase:firebase-common-ktx:21.0.0] AndroidManifest.xml:14:17-82
133            <meta-data
133-->[com.google.firebase:firebase-common:21.0.0] AndroidManifest.xml:35:13-37:85
134                android:name="com.google.firebase.components:com.google.firebase.FirebaseCommonKtxRegistrar"
134-->[com.google.firebase:firebase-common:21.0.0] AndroidManifest.xml:36:17-109
135                android:value="com.google.firebase.components.ComponentRegistrar" />
135-->[com.google.firebase:firebase-common:21.0.0] AndroidManifest.xml:37:17-82
136            <meta-data
136-->[com.google.firebase:firebase-datatransport:18.2.0] AndroidManifest.xml:25:13-27:85
137                android:name="com.google.firebase.components:com.google.firebase.datatransport.TransportRegistrar"
137-->[com.google.firebase:firebase-datatransport:18.2.0] AndroidManifest.xml:26:17-115
138                android:value="com.google.firebase.components.ComponentRegistrar" />
138-->[com.google.firebase:firebase-datatransport:18.2.0] AndroidManifest.xml:27:17-82
139        </service>
140
141        <receiver
141-->[com.google.firebase:firebase-messaging:24.1.1] AndroidManifest.xml:29:9-40:20
142            android:name="com.google.firebase.iid.FirebaseInstanceIdReceiver"
142-->[com.google.firebase:firebase-messaging:24.1.1] AndroidManifest.xml:30:13-78
143            android:exported="true"
143-->[com.google.firebase:firebase-messaging:24.1.1] AndroidManifest.xml:31:13-36
144            android:permission="com.google.android.c2dm.permission.SEND" >
144-->[com.google.firebase:firebase-messaging:24.1.1] AndroidManifest.xml:32:13-73
145            <intent-filter>
145-->[com.google.firebase:firebase-messaging:24.1.1] AndroidManifest.xml:33:13-35:29
146                <action android:name="com.google.android.c2dm.intent.RECEIVE" />
146-->[com.google.firebase:firebase-messaging:24.1.1] AndroidManifest.xml:34:17-81
146-->[com.google.firebase:firebase-messaging:24.1.1] AndroidManifest.xml:34:25-78
147            </intent-filter>
148
149            <meta-data
149-->[com.google.firebase:firebase-messaging:24.1.1] AndroidManifest.xml:37:13-39:40
150                android:name="com.google.android.gms.cloudmessaging.FINISHED_AFTER_HANDLED"
150-->[com.google.firebase:firebase-messaging:24.1.1] AndroidManifest.xml:38:17-92
151                android:value="true" />
151-->[com.google.firebase:firebase-messaging:24.1.1] AndroidManifest.xml:39:17-37
152        </receiver>
153        <!--
154             FirebaseMessagingService performs security checks at runtime,
155             but set to not exported to explicitly avoid allowing another app to call it.
156        -->
157        <service
157-->[com.google.firebase:firebase-messaging:24.1.1] AndroidManifest.xml:46:9-53:19
158            android:name="com.google.firebase.messaging.FirebaseMessagingService"
158-->[com.google.firebase:firebase-messaging:24.1.1] AndroidManifest.xml:47:13-82
159            android:directBootAware="true"
159-->[com.google.firebase:firebase-messaging:24.1.1] AndroidManifest.xml:48:13-43
160            android:exported="false" >
160-->[com.google.firebase:firebase-messaging:24.1.1] AndroidManifest.xml:49:13-37
161            <intent-filter android:priority="-500" >
161-->src/main/AndroidManifest.xml:79:13-81:29
162                <action android:name="com.google.firebase.MESSAGING_EVENT" />
162-->src/main/AndroidManifest.xml:80:17-78
162-->src/main/AndroidManifest.xml:80:25-75
163            </intent-filter>
164        </service>
165
166        <activity
166-->[com.google.android.gms:play-services-base:18.1.0] AndroidManifest.xml:20:9-22:45
167            android:name="com.google.android.gms.common.api.GoogleApiActivity"
167-->[com.google.android.gms:play-services-base:18.1.0] AndroidManifest.xml:20:19-85
168            android:exported="false"
168-->[com.google.android.gms:play-services-base:18.1.0] AndroidManifest.xml:22:19-43
169            android:theme="@android:style/Theme.Translucent.NoTitleBar" />
169-->[com.google.android.gms:play-services-base:18.1.0] AndroidManifest.xml:21:19-78
170
171        <provider
171-->[com.google.firebase:firebase-common:21.0.0] AndroidManifest.xml:23:9-28:39
172            android:name="com.google.firebase.provider.FirebaseInitProvider"
172-->[com.google.firebase:firebase-common:21.0.0] AndroidManifest.xml:24:13-77
173            android:authorities="com.maya.astrology.firebaseinitprovider"
173-->[com.google.firebase:firebase-common:21.0.0] AndroidManifest.xml:25:13-72
174            android:directBootAware="true"
174-->[com.google.firebase:firebase-common:21.0.0] AndroidManifest.xml:26:13-43
175            android:exported="false"
175-->[com.google.firebase:firebase-common:21.0.0] AndroidManifest.xml:27:13-37
176            android:initOrder="100" />
176-->[com.google.firebase:firebase-common:21.0.0] AndroidManifest.xml:28:13-36
177        <provider
177-->[androidx.emoji2:emoji2:1.3.0] AndroidManifest.xml:24:9-32:20
178            android:name="androidx.startup.InitializationProvider"
178-->[androidx.emoji2:emoji2:1.3.0] AndroidManifest.xml:25:13-67
179            android:authorities="com.maya.astrology.androidx-startup"
179-->[androidx.emoji2:emoji2:1.3.0] AndroidManifest.xml:26:13-68
180            android:exported="false" >
180-->[androidx.emoji2:emoji2:1.3.0] AndroidManifest.xml:27:13-37
181            <meta-data
181-->[androidx.emoji2:emoji2:1.3.0] AndroidManifest.xml:29:13-31:52
182                android:name="androidx.emoji2.text.EmojiCompatInitializer"
182-->[androidx.emoji2:emoji2:1.3.0] AndroidManifest.xml:30:17-75
183                android:value="androidx.startup" />
183-->[androidx.emoji2:emoji2:1.3.0] AndroidManifest.xml:31:17-49
184            <meta-data
184-->[androidx.lifecycle:lifecycle-process:2.8.7] AndroidManifest.xml:29:13-31:52
185                android:name="androidx.lifecycle.ProcessLifecycleInitializer"
185-->[androidx.lifecycle:lifecycle-process:2.8.7] AndroidManifest.xml:30:17-78
186                android:value="androidx.startup" />
186-->[androidx.lifecycle:lifecycle-process:2.8.7] AndroidManifest.xml:31:17-49
187            <meta-data
187-->[androidx.profileinstaller:profileinstaller:1.4.0] AndroidManifest.xml:29:13-31:52
188                android:name="androidx.profileinstaller.ProfileInstallerInitializer"
188-->[androidx.profileinstaller:profileinstaller:1.4.0] AndroidManifest.xml:30:17-85
189                android:value="androidx.startup" />
189-->[androidx.profileinstaller:profileinstaller:1.4.0] AndroidManifest.xml:31:17-49
190        </provider>
191
192        <meta-data
192-->[com.google.android.gms:play-services-basement:18.3.0] AndroidManifest.xml:21:9-23:69
193            android:name="com.google.android.gms.version"
193-->[com.google.android.gms:play-services-basement:18.3.0] AndroidManifest.xml:22:13-58
194            android:value="@integer/google_play_services_version" />
194-->[com.google.android.gms:play-services-basement:18.3.0] AndroidManifest.xml:23:13-66
195
196        <receiver
196-->[androidx.profileinstaller:profileinstaller:1.4.0] AndroidManifest.xml:34:9-52:20
197            android:name="androidx.profileinstaller.ProfileInstallReceiver"
197-->[androidx.profileinstaller:profileinstaller:1.4.0] AndroidManifest.xml:35:13-76
198            android:directBootAware="false"
198-->[androidx.profileinstaller:profileinstaller:1.4.0] AndroidManifest.xml:36:13-44
199            android:enabled="true"
199-->[androidx.profileinstaller:profileinstaller:1.4.0] AndroidManifest.xml:37:13-35
200            android:exported="true"
200-->[androidx.profileinstaller:profileinstaller:1.4.0] AndroidManifest.xml:38:13-36
201            android:permission="android.permission.DUMP" >
201-->[androidx.profileinstaller:profileinstaller:1.4.0] AndroidManifest.xml:39:13-57
202            <intent-filter>
202-->[androidx.profileinstaller:profileinstaller:1.4.0] AndroidManifest.xml:40:13-42:29
203                <action android:name="androidx.profileinstaller.action.INSTALL_PROFILE" />
203-->[androidx.profileinstaller:profileinstaller:1.4.0] AndroidManifest.xml:41:17-91
203-->[androidx.profileinstaller:profileinstaller:1.4.0] AndroidManifest.xml:41:25-88
204            </intent-filter>
205            <intent-filter>
205-->[androidx.profileinstaller:profileinstaller:1.4.0] AndroidManifest.xml:43:13-45:29
206                <action android:name="androidx.profileinstaller.action.SKIP_FILE" />
206-->[androidx.profileinstaller:profileinstaller:1.4.0] AndroidManifest.xml:44:17-85
206-->[androidx.profileinstaller:profileinstaller:1.4.0] AndroidManifest.xml:44:25-82
207            </intent-filter>
208            <intent-filter>
208-->[androidx.profileinstaller:profileinstaller:1.4.0] AndroidManifest.xml:46:13-48:29
209                <action android:name="androidx.profileinstaller.action.SAVE_PROFILE" />
209-->[androidx.profileinstaller:profileinstaller:1.4.0] AndroidManifest.xml:47:17-88
209-->[androidx.profileinstaller:profileinstaller:1.4.0] AndroidManifest.xml:47:25-85
210            </intent-filter>
211            <intent-filter>
211-->[androidx.profileinstaller:profileinstaller:1.4.0] AndroidManifest.xml:49:13-51:29
212                <action android:name="androidx.profileinstaller.action.BENCHMARK_OPERATION" />
212-->[androidx.profileinstaller:profileinstaller:1.4.0] AndroidManifest.xml:50:17-95
212-->[androidx.profileinstaller:profileinstaller:1.4.0] AndroidManifest.xml:50:25-92
213            </intent-filter>
214        </receiver>
215
216        <service
216-->[com.google.android.datatransport:transport-backend-cct:3.1.9] AndroidManifest.xml:28:9-34:19
217            android:name="com.google.android.datatransport.runtime.backends.TransportBackendDiscovery"
217-->[com.google.android.datatransport:transport-backend-cct:3.1.9] AndroidManifest.xml:29:13-103
218            android:exported="false" >
218-->[com.google.android.datatransport:transport-backend-cct:3.1.9] AndroidManifest.xml:30:13-37
219            <meta-data
219-->[com.google.android.datatransport:transport-backend-cct:3.1.9] AndroidManifest.xml:31:13-33:39
220                android:name="backend:com.google.android.datatransport.cct.CctBackendFactory"
220-->[com.google.android.datatransport:transport-backend-cct:3.1.9] AndroidManifest.xml:32:17-94
221                android:value="cct" />
221-->[com.google.android.datatransport:transport-backend-cct:3.1.9] AndroidManifest.xml:33:17-36
222        </service>
223        <service
223-->[com.google.android.datatransport:transport-runtime:3.1.9] AndroidManifest.xml:26:9-30:19
224            android:name="com.google.android.datatransport.runtime.scheduling.jobscheduling.JobInfoSchedulerService"
224-->[com.google.android.datatransport:transport-runtime:3.1.9] AndroidManifest.xml:27:13-117
225            android:exported="false"
225-->[com.google.android.datatransport:transport-runtime:3.1.9] AndroidManifest.xml:28:13-37
226            android:permission="android.permission.BIND_JOB_SERVICE" >
226-->[com.google.android.datatransport:transport-runtime:3.1.9] AndroidManifest.xml:29:13-69
227        </service>
228
229        <receiver
229-->[com.google.android.datatransport:transport-runtime:3.1.9] AndroidManifest.xml:32:9-34:40
230            android:name="com.google.android.datatransport.runtime.scheduling.jobscheduling.AlarmManagerSchedulerBroadcastReceiver"
230-->[com.google.android.datatransport:transport-runtime:3.1.9] AndroidManifest.xml:33:13-132
231            android:exported="false" />
231-->[com.google.android.datatransport:transport-runtime:3.1.9] AndroidManifest.xml:34:13-37
232    </application>
233
234</manifest>